SF:lib/models/mtg_card.dart
DA:49,3
DA:69,1
DA:70,1
DA:71,4
DA:74,1
DA:75,1
DA:78,4
DA:82,1
DA:83,2
DA:87,1
DA:88,1
DA:89,1
DA:90,5
DA:91,1
DA:93,1
DA:97,1
DA:98,3
DA:102,1
DA:103,3
DA:107,1
DA:108,2
DA:109,3
DA:128,1
DA:137,1
DA:138,1
DA:139,2
DA:156,1
DA:165,1
DA:166,1
DA:167,2
LF:30
LH:30
end_of_record
SF:lib/models/mtg_card.g.dart
DA:9,2
DA:10,1
DA:11,1
DA:12,1
DA:13,1
DA:14,1
DA:15,1
DA:17,2
DA:18,1
DA:19,1
DA:20,1
DA:22,4
DA:23,1
DA:24,2
DA:25,1
DA:26,2
DA:27,1
DA:28,1
DA:29,1
DA:30,1
DA:31,1
DA:34,4
DA:35,4
DA:36,4
DA:37,3
DA:38,4
DA:39,3
DA:40,4
DA:41,4
DA:42,4
DA:43,4
DA:44,3
DA:45,3
DA:46,3
DA:47,2
DA:48,2
DA:49,3
DA:50,3
DA:51,3
DA:54,2
DA:55,1
DA:56,1
DA:57,1
DA:58,1
DA:59,1
DA:60,1
DA:63,2
DA:64,2
DA:65,2
DA:66,2
DA:67,2
DA:68,2
DA:69,2
DA:72,1
DA:73,1
DA:74,1
DA:75,1
DA:76,2
DA:77,1
DA:78,0
DA:79,0
DA:80,1
DA:81,1
DA:84,1
DA:85,1
DA:86,1
DA:87,2
DA:88,2
DA:89,3
DA:90,1
DA:91,2
DA:92,2
LF:72
LH:70
end_of_record
SF:lib/providers/card_provider.dart
DA:22,2
DA:23,2
DA:24,2
DA:25,2
DA:26,2
DA:28,3
DA:29,6
DA:32,2
DA:33,2
DA:36,0
DA:39,0
DA:40,0
DA:42,0
DA:43,0
DA:45,0
DA:47,0
DA:52,1
DA:53,2
DA:54,1
DA:55,1
DA:58,1
DA:59,1
DA:62,0
DA:63,0
DA:64,0
DA:65,0
DA:69,0
DA:70,0
DA:73,1
DA:74,1
DA:75,1
DA:77,1
DA:83,1
DA:84,1
DA:85,2
DA:86,4
DA:87,1
DA:90,1
DA:95,1
DA:96,1
DA:97,2
DA:98,4
DA:99,1
DA:102,1
DA:107,0
DA:108,0
DA:109,0
DA:110,0
DA:113,0
DA:114,0
DA:117,0
DA:118,0
DA:119,0
DA:120,0
DA:124,0
DA:125,0
DA:130,0
DA:131,0
DA:132,0
DA:136,0
DA:142,0
DA:143,0
DA:144,0
DA:146,0
DA:151,0
DA:153,0
DA:155,0
DA:160,0
DA:161,0
DA:162,0
DA:163,0
DA:164,0
DA:170,0
DA:175,1
DA:176,2
DA:177,1
DA:178,1
DA:179,1
DA:183,0
DA:184,0
DA:185,0
DA:191,0
DA:192,0
DA:193,0
DA:194,0
DA:195,0
DA:200,1
DA:201,1
DA:204,5
DA:206,0
DA:209,2
DA:210,4
DA:214,3
DA:215,2
DA:216,2
DA:219,1
DA:222,1
DA:223,1
DA:224,1
DA:227,1
DA:228,1
DA:229,1
DA:232,1
DA:233,1
DA:234,1
DA:238,0
DA:239,0
DA:243,0
DA:245,0
DA:249,0
DA:252,0
DA:257,1
DA:259,1
DA:262,1
DA:263,2
DA:264,1
DA:265,1
DA:269,1
DA:270,1
DA:273,1
DA:274,1
DA:277,1
DA:278,1
LF:123
LH:66
end_of_record
SF:lib/utils/logger.dart
DA:29,2
DA:39,0
DA:40,0
DA:41,0
DA:42,0
DA:43,0
DA:44,0
DA:45,0
DA:46,0
DA:49,0
DA:51,0
DA:52,0
DA:53,0
DA:54,0
DA:55,0
DA:56,0
DA:57,0
DA:59,0
DA:60,0
DA:62,0
DA:68,6
DA:70,3
DA:77,0
DA:79,3
DA:86,3
DA:87,3
DA:90,6
DA:94,0
DA:98,0
DA:102,3
DA:103,6
DA:106,0
DA:107,0
DA:110,3
DA:118,12
DA:120,2
DA:121,2
DA:130,4
DA:132,4
DA:133,2
DA:137,3
DA:139,3
DA:142,2
DA:144,2
DA:147,1
DA:149,1
DA:153,2
DA:158,2
DA:165,0
DA:170,0
DA:177,0
DA:178,0
DA:179,0
DA:180,0
DA:182,0
DA:188,0
DA:192,2
DA:196,2
DA:197,2
DA:198,2
DA:199,4
DA:200,2
DA:201,2
DA:202,2
DA:206,0
DA:218,0
DA:220,0
DA:224,0
DA:225,0
DA:226,0
DA:228,0
DA:229,0
DA:233,0
DA:234,0
DA:236,0
DA:237,0
DA:240,0
DA:241,0
DA:242,0
DA:243,0
DA:247,0
DA:248,0
DA:251,0
DA:252,0
DA:254,0
DA:256,0
DA:257,0
DA:258,0
DA:259,0
DA:261,0
DA:262,0
DA:265,0
DA:266,0
DA:269,0
DA:270,0
DA:272,0
DA:273,0
DA:274,0
DA:275,0
DA:277,0
DA:279,0
DA:281,0
DA:282,0
DA:287,0
DA:289,0
DA:292,0
DA:294,0
DA:300,6
DA:302,3
DA:303,12
DA:306,2
DA:307,8
DA:310,1
DA:312,2
DA:313,2
DA:316,2
DA:318,4
DA:319,4
DA:325,0
DA:327,0
DA:328,0
LF:121
LH:43
end_of_record
SF:lib/utils/performance_monitor.dart
DA:18,0
DA:29,0
DA:30,0
DA:31,0
DA:32,0
DA:33,0
DA:34,0
DA:35,0
DA:37,0
DA:38,0
DA:62,3
DA:68,3
DA:70,0
DA:71,0
DA:72,0
DA:73,0
DA:74,0
DA:75,0
DA:76,0
DA:87,3
DA:91,3
DA:93,3
DA:94,3
DA:95,3
DA:96,3
DA:97,3
DA:98,3
DA:100,3
DA:113,0
DA:114,0
DA:115,0
DA:116,0
DA:117,0
DA:119,0
DA:120,0
DA:124,0
DA:125,0
DA:129,0
DA:130,0
DA:133,0
DA:134,0
DA:137,0
DA:138,0
DA:139,0
DA:142,0
DA:143,0
DA:144,0
DA:147,0
DA:148,0
DA:155,0
DA:157,0
DA:158,0
DA:162,0
DA:165,0
DA:169,0
DA:171,0
DA:172,0
DA:179,3
DA:180,3
DA:182,3
DA:195,0
DA:196,0
DA:198,0
DA:201,0
DA:204,0
DA:206,0
DA:209,0
DA:212,0
DA:213,0
DA:214,0
DA:215,0
DA:216,0
DA:220,3
DA:222,3
DA:225,3
DA:230,3
DA:231,3
DA:233,0
DA:236,0
DA:237,0
DA:238,0
DA:242,0
DA:243,0
DA:247,0
DA:248,0
DA:249,0
DA:251,0
DA:257,3
DA:263,3
DA:265,3
DA:266,6
DA:269,0
DA:270,0
DA:276,0
DA:277,0
DA:279,0
DA:280,0
DA:282,0
DA:283,0
DA:284,0
DA:285,0
DA:286,0
DA:287,0
DA:292,0
DA:293,0
DA:294,0
DA:295,0
DA:299,0
DA:300,0
DA:301,0
DA:304,0
DA:307,0
DA:309,0
DA:311,0
DA:313,0
DA:314,0
DA:315,0
DA:316,0
DA:317,0
DA:318,0
DA:320,0
DA:321,0
DA:322,0
DA:324,0
DA:325,0
DA:326,0
DA:327,0
DA:328,0
DA:329,0
DA:336,0
DA:337,0
DA:339,0
DA:342,0
DA:346,0
DA:347,0
DA:350,0
DA:352,0
DA:355,0
DA:356,0
DA:357,0
DA:358,0
DA:359,0
DA:364,0
DA:365,0
DA:366,0
DA:371,0
DA:372,0
DA:373,0
DA:378,0
DA:383,0
DA:385,0
DA:386,0
DA:389,0
DA:393,0
DA:394,0
DA:395,0
DA:398,0
DA:399,0
DA:400,0
DA:401,0
DA:402,0
DA:403,0
DA:405,0
DA:409,0
DA:410,0
DA:411,0
DA:412,0
DA:413,0
DA:416,0
DA:417,0
DA:418,0
DA:424,0
DA:426,0
DA:427,0
DA:433,6
DA:435,3
DA:437,6
DA:442,0
DA:444,0
DA:445,0
DA:447,0
DA:448,0
DA:451,0
LF:183
LH:26
end_of_record
SF:lib/services/config_service.dart
DA:7,4
DA:50,4
DA:51,4
DA:52,8
DA:56,2
DA:57,4
DA:60,1
DA:61,1
DA:63,3
DA:71,1
DA:72,1
DA:73,2
DA:77,0
DA:78,0
DA:79,0
DA:80,0
DA:81,0
DA:85,0
DA:86,0
DA:87,0
DA:88,0
DA:89,0
DA:95,1
DA:96,1
DA:97,1
DA:101,0
DA:102,0
DA:103,0
DA:104,0
DA:105,0
DA:106,0
DA:107,0
DA:108,0
DA:111,2
DA:112,0
DA:113,0
DA:114,0
DA:115,0
DA:116,0
DA:117,0
DA:118,0
DA:119,0
DA:120,0
DA:121,0
DA:122,0
DA:125,0
DA:126,0
DA:127,0
DA:128,0
DA:129,0
DA:130,0
DA:131,0
DA:134,2
DA:135,2
DA:136,0
DA:137,0
DA:140,1
DA:142,1
DA:144,2
DA:145,2
DA:146,1
DA:147,3
DA:149,1
DA:157,1
DA:159,1
DA:162,2
DA:163,2
DA:164,1
DA:170,1
DA:174,0
DA:176,0
DA:179,0
DA:180,0
DA:181,0
DA:182,0
DA:183,0
DA:185,0
DA:188,0
DA:192,0
DA:193,0
LF:80
LH:31
end_of_record
SF:lib/services/service_locator.dart
DA:9,6
DA:11,3
DA:18,3
DA:19,6
DA:20,6
DA:21,3
DA:25,1
DA:26,2
DA:27,2
DA:28,1
DA:32,0
DA:33,0
DA:34,0
DA:35,0
DA:39,2
DA:43,4
DA:44,4
DA:48,2
DA:49,2
DA:50,1
DA:53,3
DA:54,0
DA:60,0
DA:64,0
DA:65,0
DA:69,0
DA:70,0
DA:71,0
DA:72,0
DA:73,0
DA:77,3
DA:78,6
DA:79,6
DA:80,6
DA:81,6
DA:85,0
DA:86,0
DA:87,0
DA:90,3
DA:91,12
DA:94,0
DA:95,0
DA:101,0
DA:103,0
DA:104,0
DA:109,0
DA:113,6
DA:114,0
DA:118,0
DA:119,0
DA:122,0
DA:125,0
DA:127,0
DA:130,0
DA:131,0
DA:132,0
DA:135,0
DA:137,0
DA:145,0
DA:147,0
DA:149,0
DA:157,0
DA:158,0
DA:161,0
DA:162,0
DA:163,0
DA:164,0
DA:167,0
LF:68
LH:25
end_of_record
SF:lib/services/scryfall_service.dart
DA:22,0
DA:29,2
DA:31,1
DA:50,1
DA:51,2
DA:52,2
DA:53,2
DA:55,1
DA:58,0
DA:60,0
DA:61,0
DA:65,1
DA:66,1
DA:67,4
DA:69,0
DA:70,0
DA:76,1
DA:77,2
DA:78,2
DA:79,2
DA:80,1
DA:81,2
DA:85,0
DA:86,0
DA:87,0
DA:91,1
DA:92,2
DA:93,1
DA:102,2
DA:103,1
DA:104,0
DA:105,0
DA:106,0
DA:110,1
DA:111,1
DA:112,0
DA:113,0
DA:114,0
DA:117,0
DA:120,0
DA:121,0
DA:122,0
DA:124,2
DA:127,0
DA:128,0
DA:135,1
DA:145,2
DA:146,1
DA:155,1
DA:164,1
DA:167,2
DA:168,1
DA:169,0
DA:170,0
DA:171,0
DA:172,0
DA:173,0
DA:178,2
DA:179,1
DA:181,1
DA:182,0
DA:183,0
DA:184,0
DA:186,0
DA:189,0
DA:192,0
DA:194,0
DA:198,0
DA:200,2
DA:203,0
DA:204,0
DA:205,0
DA:211,1
DA:212,2
DA:213,1
DA:221,0
DA:224,0
DA:225,0
DA:226,0
DA:227,0
DA:228,0
DA:232,0
DA:234,0
DA:235,0
DA:236,0
DA:237,0
DA:240,0
DA:243,0
DA:244,0
DA:246,0
DA:249,0
DA:250,0
DA:251,0
DA:252,0
DA:258,0
DA:259,0
DA:262,0
DA:263,0
DA:264,0
DA:269,0
DA:270,0
DA:271,0
DA:274,0
DA:276,0
DA:278,0
DA:281,0
DA:283,0
DA:285,0
DA:289,0
DA:290,0
DA:297,0
DA:298,0
DA:300,0
DA:301,0
DA:302,0
DA:303,0
DA:306,0
DA:307,0
DA:315,1
DA:316,1
DA:317,1
DA:321,1
DA:330,1
DA:339,2
DA:343,1
DA:344,1
DA:345,1
DA:349,1
DA:351,1
DA:353,3
DA:354,1
DA:356,2
DA:357,0
DA:358,0
DA:360,4
DA:361,1
DA:364,0
DA:365,0
DA:370,1
DA:371,2
DA:372,1
DA:376,0
DA:377,0
DA:378,0
DA:380,0
DA:381,0
DA:382,0
DA:385,0
DA:387,0
DA:388,0
DA:391,0
DA:394,0
DA:396,0
DA:401,0
DA:402,0
DA:403,0
DA:407,0
DA:409,0
DA:410,0
DA:412,0
DA:413,0
DA:414,0
DA:416,0
DA:417,0
DA:418,0
DA:419,0
DA:420,0
DA:422,0
DA:425,0
DA:427,0
DA:430,0
DA:431,0
DA:434,0
DA:435,0
DA:440,0
DA:441,0
DA:442,0
DA:445,0
DA:446,0
DA:447,0
DA:448,0
DA:449,0
DA:450,0
DA:451,0
DA:454,0
DA:459,0
DA:460,0
DA:461,0
DA:465,0
DA:467,0
DA:468,0
DA:470,0
DA:471,0
DA:472,0
DA:474,0
DA:475,0
DA:476,0
DA:477,0
DA:479,0
DA:482,0
DA:484,0
DA:487,0
DA:488,0
DA:491,0
DA:492,0
DA:497,0
DA:498,0
DA:499,0
DA:503,0
DA:505,0
DA:506,0
DA:508,0
DA:509,0
DA:510,0
DA:512,0
DA:513,0
DA:514,0
DA:515,0
DA:517,0
DA:520,0
DA:522,0
DA:525,0
DA:526,0
DA:529,0
DA:530,0
DA:535,0
DA:536,0
DA:537,0
DA:540,0
DA:541,0
DA:543,0
DA:545,0
DA:547,0
DA:549,0
DA:551,0
DA:554,0
DA:559,0
DA:560,0
DA:561,0
DA:564,0
DA:565,0
DA:569,0
DA:573,0
DA:577,0
DA:581,0
DA:585,0
DA:589,0
DA:591,0
DA:593,0
DA:597,0
DA:601,0
DA:606,0
DA:607,0
DA:611,1
DA:613,1
DA:614,4
DA:615,1
DA:619,1
DA:621,2
DA:630,1
DA:634,1
DA:636,1
DA:638,3
DA:639,1
DA:640,2
DA:642,2
DA:643,1
DA:644,1
DA:648,4
DA:650,2
DA:652,2
DA:653,0
DA:654,0
DA:655,2
DA:657,0
DA:658,0
DA:660,1
DA:662,1
DA:663,1
DA:666,2
DA:667,1
DA:668,1
DA:671,1
DA:672,1
DA:674,0
DA:675,0
DA:676,0
DA:678,0
DA:679,0
DA:680,0
DA:681,0
DA:682,0
DA:683,0
DA:684,0
DA:686,0
DA:687,0
DA:688,0
DA:689,0
DA:690,0
DA:693,0
DA:694,0
DA:695,0
DA:696,0
DA:699,0
DA:700,0
DA:701,0
DA:705,0
DA:710,1
DA:714,1
DA:716,1
DA:717,1
DA:718,1
DA:722,4
DA:724,2
DA:726,2
DA:728,2
DA:730,0
DA:735,0
DA:736,0
DA:737,0
DA:738,0
DA:740,0
DA:743,0
DA:744,0
DA:745,0
DA:749,0
DA:753,1
DA:754,3
DA:755,1
DA:756,2
DA:761,1
DA:769,1
DA:771,1
DA:772,1
DA:775,1
DA:776,6
DA:779,1
DA:780,6
DA:783,1
DA:784,6
DA:787,0
DA:788,0
DA:791,0
DA:792,0
DA:795,1
LF:345
LH:108
end_of_record
SF:lib/services/cache_service.dart
DA:20,0
DA:27,0
DA:28,0
DA:30,0
DA:31,0
DA:32,0
DA:33,0
DA:34,0
DA:37,0
DA:38,0
DA:39,0
DA:40,0
DA:42,0
DA:43,0
DA:57,4
DA:83,0
DA:88,0
DA:90,0
DA:95,0
DA:100,0
DA:101,0
DA:104,0
DA:106,0
DA:107,0
DA:109,0
DA:110,0
DA:113,0
DA:114,0
DA:117,0
DA:118,0
DA:119,0
DA:125,0
DA:127,0
DA:131,0
DA:133,0
DA:137,0
DA:139,0
DA:142,0
DA:144,0
DA:147,0
DA:148,0
DA:149,0
DA:159,0
DA:167,0
DA:176,0
DA:177,0
DA:180,0
DA:181,0
DA:188,0
DA:189,0
DA:190,0
DA:191,0
DA:194,0
DA:195,0
DA:196,0
DA:199,0
DA:200,0
DA:201,0
DA:204,0
DA:207,0
DA:208,0
DA:210,0
DA:215,0
DA:216,0
DA:217,0
DA:218,0
DA:221,0
DA:222,0
DA:226,0
DA:227,0
DA:229,0
DA:230,0
DA:234,0
DA:237,0
DA:238,0
DA:239,0
DA:242,0
DA:245,0
DA:246,0
DA:247,0
DA:248,0
DA:250,0
DA:253,0
DA:257,0
DA:258,0
DA:262,0
DA:265,0
DA:266,0
DA:268,0
DA:269,0
DA:271,0
DA:272,0
DA:277,0
DA:278,0
DA:282,0
DA:285,0
DA:286,0
DA:287,0
DA:288,0
DA:292,0
DA:293,0
DA:297,0
DA:299,0
DA:300,0
DA:301,0
DA:304,0
DA:307,0
DA:308,0
DA:311,0
DA:312,0
DA:313,0
DA:316,0
DA:318,0
DA:319,0
DA:323,0
DA:324,0
DA:325,0
DA:327,0
DA:328,0
DA:330,0
DA:331,0
DA:335,0
DA:337,0
DA:338,0
DA:340,0
DA:341,0
DA:342,0
DA:348,0
DA:351,0
DA:352,0
DA:353,0
DA:355,0
DA:356,0
DA:358,0
DA:359,0
DA:361,0
DA:362,0
DA:365,0
DA:369,0
DA:371,0
DA:372,0
DA:374,0
DA:375,0
DA:376,0
DA:378,0
DA:379,0
DA:380,0
DA:381,0
DA:384,0
DA:385,0
DA:386,0
DA:388,0
DA:389,0
DA:393,0
DA:398,0
DA:399,0
DA:407,0
DA:409,0
DA:416,0
DA:417,0
DA:418,0
DA:422,0
DA:423,0
DA:424,0
DA:425,0
DA:428,0
DA:429,0
DA:430,0
DA:433,0
DA:434,0
DA:435,0
DA:439,0
DA:443,0
DA:444,0
DA:447,0
DA:449,0
DA:453,0
DA:455,0
DA:456,0
DA:461,0
DA:462,0
DA:464,0
DA:465,0
DA:472,0
DA:475,0
DA:476,0
DA:481,0
DA:482,0
DA:483,0
DA:484,0
DA:486,0
DA:487,0
DA:488,0
DA:489,0
DA:494,0
DA:495,0
DA:496,0
DA:497,0
DA:500,0
DA:501,0
DA:502,0
DA:503,0
DA:506,0
DA:507,0
DA:508,0
LF:205
LH:1
end_of_record
SF:lib/utils/result.dart
DA:5,10
DA:10,9
DA:15,10
DA:20,2
DA:21,0
DA:23,1
DA:24,1
DA:25,1
DA:28,0
DA:29,0
DA:30,0
DA:34,0
DA:35,0
DA:36,0
DA:40,0
DA:41,0
DA:42,0
DA:46,1
DA:48,1
DA:49,3
DA:60,10
DA:68,4
DA:78,5
DA:86,5
DA:93,0
DA:102,0
DA:110,0
LF:27
LH:14
end_of_record
SF:lib/providers/app_provider.dart
DA:24,2
DA:25,2
DA:26,2
DA:27,2
DA:28,2
DA:31,1
DA:32,2
DA:35,2
DA:37,1
DA:38,1
DA:40,0
DA:42,0
DA:48,1
DA:50,2
DA:53,1
DA:54,3
DA:55,2
DA:57,1
DA:61,1
DA:62,3
DA:63,3
DA:64,2
DA:65,1
DA:66,1
DA:68,2
DA:69,1
DA:70,1
DA:71,2
DA:76,1
DA:77,5
DA:78,2
DA:86,2
DA:87,5
DA:88,1
DA:89,1
DA:91,2
DA:93,1
DA:94,2
DA:98,1
DA:99,2
DA:100,2
DA:101,1
DA:102,1
DA:106,1
DA:107,2
DA:108,1
DA:111,0
DA:112,0
DA:113,0
DA:116,1
DA:117,1
DA:118,1
DA:122,1
DA:123,1
DA:124,1
DA:128,1
DA:129,1
DA:131,2
DA:133,1
DA:136,1
DA:137,1
DA:138,1
DA:140,1
DA:141,1
DA:145,0
DA:146,0
DA:150,0
DA:151,0
DA:152,0
DA:153,0
DA:159,1
DA:160,2
DA:162,1
DA:163,1
DA:166,1
DA:168,2
DA:170,1
DA:172,2
DA:175,1
DA:177,0
DA:178,0
DA:181,0
DA:183,0
DA:190,2
DA:191,2
DA:194,1
DA:197,0
DA:202,1
DA:203,2
DA:205,1
DA:207,1
DA:209,4
DA:210,2
DA:211,1
DA:213,2
DA:217,3
DA:218,4
DA:221,1
DA:224,1
DA:225,1
DA:227,2
DA:228,2
DA:231,0
DA:237,0
DA:238,0
DA:239,0
DA:240,0
DA:244,0
DA:248,0
DA:250,0
DA:251,0
DA:253,0
DA:254,0
DA:256,0
DA:257,0
DA:258,0
DA:259,0
DA:262,0
DA:263,0
DA:264,0
DA:265,0
DA:269,0
DA:275,0
DA:276,0
DA:277,0
DA:278,0
DA:279,0
DA:283,1
DA:284,1
DA:285,1
LF:130
LH:89
end_of_record
